<?xml version="1.0" encoding="UTF-8"?>
<!-- Generated by org.testng.reporters.JUnitReportReporter -->
<testsuite hostname="PoojaNidhin" failures="0" tests="2" name="TestPages.SampleTest" time="21.525" errors="0" timestamp="2025-05-30T13:12:00 IST" skipped="0">
  <testcase classname="TestPages.SampleTest" name="testAmazonTitle" time="16.814"/>
  <testcase classname="TestPages.SampleTest" name="testGoogleTitle" time="4.711"/>
</testsuite> <!-- TestPages.SampleTest -->
