<?xml version="1.0" encoding="UTF-8"?>
<!-- Generated by org.testng.reporters.JUnitReportReporter -->
<testsuite hostname="PoojaNidhin" failures="0" tests="2" name="TestPages.SampleTest" time="24.361" errors="0" timestamp="2025-05-30T12:51:18 IST" skipped="0">
  <testcase classname="TestPages.SampleTest" name="testAmazonTitle" time="6.398"/>
  <testcase classname="TestPages.SampleTest" name="testGoogleTitle" time="17.963"/>
</testsuite> <!-- TestPages.SampleTest -->
